<?xml version="1.0" encoding="UTF-8"?>
<testsuite name="com.example.demo.FlightTest" tests="1" skipped="0" failures="0" errors="0" timestamp="2025-06-26T03:40:22.079Z" hostname="DESKTOP-J8NMR27" time="0.0">
  <properties/>
  <testcase name="flightGetMaxIncome()" classname="com.example.demo.FlightTest" time="0.0"/>
  <system-out><![CDATA[]]></system-out>
  <system-err><![CDATA[]]></system-err>
</testsuite>
