<?xml version="1.0" encoding="UTF-8"?>
<testsuite name="com.example.demo.CircleTest" tests="4" skipped="0" failures="0" errors="0" timestamp="2025-06-26T03:40:22.064Z" hostname="DESKTOP-J8NMR27" time="0.012">
  <properties/>
  <testcase name="CircleDistanceOriginTest()" classname="com.example.demo.CircleTest" time="0.01"/>
  <testcase name="CircleAddTestRadius()" classname="com.example.demo.CircleTest" time="0.001"/>
  <testcase name="CircleAddTestX()" classname="com.example.demo.CircleTest" time="0.0"/>
  <testcase name="CircleAddTestY()" classname="com.example.demo.CircleTest" time="0.0"/>
  <system-out><![CDATA[]]></system-out>
  <system-err><![CDATA[]]></system-err>
</testsuite>
