<?xml version="1.0" encoding="UTF-8"?>
<testsuite name="com.example.demo.FlightBedSheetsTest" tests="2" skipped="0" failures="0" errors="0" timestamp="2025-06-26T03:40:22.077Z" hostname="DESKTOP-J8NMR27" time="0.001">
  <properties/>
  <testcase name="FlightMxSheetsGetMaxIncomeWithout()" classname="com.example.demo.FlightBedSheetsTest" time="0.001"/>
  <testcase name="FlightMxSheetsGetMaxIncome()" classname="com.example.demo.FlightBedSheetsTest" time="0.0"/>
  <system-out><![CDATA[]]></system-out>
  <system-err><![CDATA[]]></system-err>
</testsuite>
